
optiboot_diecimila.elf:     file format elf32-avr

Sections:
Idx Name          Size      VMA       LMA       File off  Algn
  0 .data         00000000  00800100  00003ff4  00000268  2**0
                  CONTENTS, ALLOC, LOAD, DATA
  1 .text         000001f4  00003e00  00003e00  00000074  2**1
                  CONTENTS, ALLOC, LOAD, READONLY, CODE
  2 .version      00000002  00003ffe  00003ffe  00000268  2**0
                  CONTENTS, READONLY
  3 .stab         00000ac8  00000000  00000000  0000026c  2**2
                  CONTENTS, READONLY, DEBUGGING
  4 .stabstr      000008e8  00000000  00000000  00000d34  2**0
                  CONTENTS, READONLY, DEBUGGING
  5 .comment      00000011  00000000  00000000  0000161c  2**0
                  CONTENTS, READONLY

Disassembly of section .text:

00003e00 <main>:
    3e00:	11 24       	eor	r1, r1
    3e02:	84 b7       	in	r24, 0x34	; 52
    3e04:	14 be       	out	0x34, r1	; 52
    3e06:	81 ff       	sbrs	r24, 1
    3e08:	f0 d0       	rcall	.+480    	; 0x3fea <appStart>
    3e0a:	85 e0       	ldi	r24, 0x05	; 5
    3e0c:	80 93 81 00 	sts	0x0081, r24
    3e10:	82 e0       	ldi	r24, 0x02	; 2
    3e12:	80 93 c0 00 	sts	0x00C0, r24
    3e16:	88 e1       	ldi	r24, 0x18	; 24
    3e18:	80 93 c1 00 	sts	0x00C1, r24
    3e1c:	86 e0       	ldi	r24, 0x06	; 6
    3e1e:	80 93 c2 00 	sts	0x00C2, r24
    3e22:	80 e1       	ldi	r24, 0x10	; 16
    3e24:	80 93 c4 00 	sts	0x00C4, r24
    3e28:	8e e0       	ldi	r24, 0x0E	; 14
    3e2a:	ca d0       	rcall	.+404    	; 0x3fc0 <watchdogConfig>
    3e2c:	25 9a       	sbi	0x04, 5	; 4
    3e2e:	26 e0       	ldi	r18, 0x06	; 6
    3e30:	80 e3       	ldi	r24, 0x30	; 48
    3e32:	9c ef       	ldi	r25, 0xFC	; 252
    3e34:	31 e0       	ldi	r19, 0x01	; 1
    3e36:	90 93 85 00 	sts	0x0085, r25
    3e3a:	80 93 84 00 	sts	0x0084, r24
    3e3e:	36 bb       	out	0x16, r19	; 22
    3e40:	b0 9b       	sbis	0x16, 0	; 22
    3e42:	fe cf       	rjmp	.-4      	; 0x3e40 <main+0x40>
    3e44:	1d 9a       	sbi	0x03, 5	; 3
    3e46:	a8 95       	wdr
    3e48:	21 50       	subi	r18, 0x01	; 1
    3e4a:	a9 f7       	brne	.-22     	; 0x3e36 <main+0x36>
    3e4c:	81 2c       	mov	r8, r1
    3e4e:	91 2c       	mov	r9, r1
    3e50:	ee 24       	eor	r14, r14
    3e52:	e3 94       	inc	r14
    3e54:	95 e0       	ldi	r25, 0x05	; 5
    3e56:	d9 2e       	mov	r13, r25
    3e58:	21 e1       	ldi	r18, 0x11	; 17
    3e5a:	c2 2e       	mov	r12, r18
    3e5c:	33 e0       	ldi	r19, 0x03	; 3
    3e5e:	f3 2e       	mov	r15, r19
    3e60:	a3 d0       	rcall	.+326    	; 0x3fa8 <getch>
    3e62:	81 34       	cpi	r24, 0x41	; 65
    3e64:	89 f4       	brne	.+34     	; 0x3e88 <main+0x88>
    3e66:	a0 d0       	rcall	.+320    	; 0x3fa8 <getch>
    3e68:	89 83       	std	Y+1, r24	; 0x01
    3e6a:	b0 d0       	rcall	.+352    	; 0x3fcc <verifySpace>
    3e6c:	89 81       	ldd	r24, Y+1	; 0x01
    3e6e:	82 38       	cpi	r24, 0x82	; 130
    3e70:	19 f4       	brne	.+6      	; 0x3e78 <main+0x78>
    3e72:	84 e0       	ldi	r24, 0x04	; 4
    3e74:	92 d0       	rcall	.+292    	; 0x3f9a <putch>
    3e76:	8e c0       	rjmp	.+284    	; 0x3f94 <main+0x194>
    3e78:	81 38       	cpi	r24, 0x81	; 129
    3e7a:	19 f4       	brne	.+6      	; 0x3e82 <main+0x82>
    3e7c:	84 e0       	ldi	r24, 0x04	; 4
    3e7e:	8d d0       	rcall	.+282    	; 0x3f9a <putch>
    3e80:	89 c0       	rjmp	.+274    	; 0x3f94 <main+0x194>
    3e82:	83 e0       	ldi	r24, 0x03	; 3
    3e84:	8a d0       	rcall	.+276    	; 0x3f9a <putch>
    3e86:	86 c0       	rjmp	.+268    	; 0x3f94 <main+0x194>
    3e88:	82 34       	cpi	r24, 0x42	; 66
    3e8a:	19 f4       	brne	.+6      	; 0x3e92 <main+0x92>
    3e8c:	84 e1       	ldi	r24, 0x14	; 20
    3e8e:	a6 d0       	rcall	.+332    	; 0x3fdc <getNch>
    3e90:	81 c0       	rjmp	.+258    	; 0x3f94 <main+0x194>
    3e92:	85 34       	cpi	r24, 0x45	; 69
    3e94:	19 f4       	brne	.+6      	; 0x3e9c <main+0x9c>
    3e96:	85 e0       	ldi	r24, 0x05	; 5
    3e98:	a1 d0       	rcall	.+322    	; 0x3fdc <getNch>
    3e9a:	7c c0       	rjmp	.+248    	; 0x3f94 <main+0x194>
    3e9c:	85 35       	cpi	r24, 0x55	; 85
    3e9e:	49 f4       	brne	.+18     	; 0x3eb2 <main+0xb2>
    3ea0:	83 d0       	rcall	.+262    	; 0x3fa8 <getch>
    3ea2:	88 2e       	mov	r8, r24
    3ea4:	81 d0       	rcall	.+258    	; 0x3fa8 <getch>
    3ea6:	91 2c       	mov	r9, r1
    3ea8:	98 2a       	or	r9, r24
    3eaa:	88 0c       	add	r8, r8
    3eac:	99 1c       	adc	r9, r9
    3eae:	8e d0       	rcall	.+284    	; 0x3fcc <verifySpace>
    3eb0:	71 c0       	rjmp	.+226    	; 0x3f94 <main+0x194>
    3eb2:	86 35       	cpi	r24, 0x56	; 86
    3eb4:	29 f4       	brne	.+10     	; 0x3ec0 <main+0xc0>
    3eb6:	84 e0       	ldi	r24, 0x04	; 4
    3eb8:	91 d0       	rcall	.+290    	; 0x3fdc <getNch>
    3eba:	80 e0       	ldi	r24, 0x00	; 0
    3ebc:	6e d0       	rcall	.+220    	; 0x3f9a <putch>
    3ebe:	6a c0       	rjmp	.+212    	; 0x3f94 <main+0x194>
    3ec0:	84 36       	cpi	r24, 0x64	; 100
    3ec2:	09 f0       	breq	.+2      	; 0x3ec6 <main+0xc6>
    3ec4:	3d c0       	rjmp	.+122    	; 0x3f40 <main+0x140>
    3ec6:	70 d0       	rcall	.+224    	; 0x3fa8 <getch>
    3ec8:	6f d0       	rcall	.+222    	; 0x3fa8 <getch>
    3eca:	b8 2e       	mov	r11, r24
    3ecc:	6d d0       	rcall	.+218    	; 0x3fa8 <getch>
    3ece:	81 14       	cp	r8, r1
    3ed0:	88 e3       	ldi	r24, 0x38	; 56
    3ed2:	98 06       	cpc	r9, r24
    3ed4:	30 f4       	brcc	.+12     	; 0x3ee2 <main+0xe2>
    3ed6:	f4 01       	movw	r30, r8
    3ed8:	f7 be       	out	0x37, r15	; 55
    3eda:	e8 95       	spm
    3edc:	00 e0       	ldi	r16, 0x00	; 0
    3ede:	11 e0       	ldi	r17, 0x01	; 1
    3ee0:	02 c0       	rjmp	.+4      	; 0x3ee6 <main+0xe6>
    3ee2:	00 e0       	ldi	r16, 0x00	; 0
    3ee4:	11 e0       	ldi	r17, 0x01	; 1
    3ee6:	60 d0       	rcall	.+192    	; 0x3fa8 <getch>
    3ee8:	f8 01       	movw	r30, r16
    3eea:	81 93       	st	Z+, r24
    3eec:	8f 01       	movw	r16, r30
    3eee:	be 12       	cpse	r11, r30
    3ef0:	fa cf       	rjmp	.-12     	; 0x3ee6 <main+0xe6>
    3ef2:	81 14       	cp	r8, r1
    3ef4:	f8 e3       	ldi	r31, 0x38	; 56
    3ef6:	9f 06       	cpc	r9, r31
    3ef8:	18 f0       	brcs	.+6      	; 0x3f00 <main+0x100>
    3efa:	f4 01       	movw	r30, r8
    3efc:	f7 be       	out	0x37, r15	; 55
    3efe:	e8 95       	spm
    3f00:	65 d0       	rcall	.+202    	; 0x3fcc <verifySpace>
    3f02:	07 b6       	in	r0, 0x37	; 55
    3f04:	00 fc       	sbrc	r0, 0
    3f06:	fd cf       	rjmp	.-6      	; 0x3f02 <main+0x102>
    3f08:	f4 01       	movw	r30, r8
    3f0a:	a0 e0       	ldi	r26, 0x00	; 0
    3f0c:	b1 e0       	ldi	r27, 0x01	; 1
    3f0e:	8c 91       	ld	r24, X
    3f10:	11 96       	adiw	r26, 0x01	; 1
    3f12:	2c 91       	ld	r18, X
    3f14:	11 97       	sbiw	r26, 0x01	; 1
    3f16:	90 e0       	ldi	r25, 0x00	; 0
    3f18:	92 2b       	or	r25, r18
    3f1a:	12 96       	adiw	r26, 0x02	; 2
    3f1c:	0c 01       	movw	r0, r24
    3f1e:	e7 be       	out	0x37, r14	; 55
    3f20:	e8 95       	spm
    3f22:	11 24       	eor	r1, r1
    3f24:	32 96       	adiw	r30, 0x02	; 2
    3f26:	a0 38       	cpi	r26, 0x80	; 128
    3f28:	81 e0       	ldi	r24, 0x01	; 1
    3f2a:	b8 07       	cpc	r27, r24
    3f2c:	81 f7       	brne	.-32     	; 0x3f0e <main+0x10e>
    3f2e:	f4 01       	movw	r30, r8
    3f30:	d7 be       	out	0x37, r13	; 55
    3f32:	e8 95       	spm
    3f34:	07 b6       	in	r0, 0x37	; 55
    3f36:	00 fc       	sbrc	r0, 0
    3f38:	fd cf       	rjmp	.-6      	; 0x3f34 <main+0x134>
    3f3a:	c7 be       	out	0x37, r12	; 55
    3f3c:	e8 95       	spm
    3f3e:	2a c0       	rjmp	.+84     	; 0x3f94 <main+0x194>
    3f40:	84 37       	cpi	r24, 0x74	; 116
    3f42:	b9 f4       	brne	.+46     	; 0x3f72 <main+0x172>
    3f44:	31 d0       	rcall	.+98     	; 0x3fa8 <getch>
    3f46:	30 d0       	rcall	.+96     	; 0x3fa8 <getch>
    3f48:	b8 2e       	mov	r11, r24
    3f4a:	2e d0       	rcall	.+92     	; 0x3fa8 <getch>
    3f4c:	3f d0       	rcall	.+126    	; 0x3fcc <verifySpace>
    3f4e:	f4 01       	movw	r30, r8
    3f50:	a8 2c       	mov	r10, r8
    3f52:	ab 0c       	add	r10, r11
    3f54:	8f 01       	movw	r16, r30
    3f56:	0f 5f       	subi	r16, 0xFF	; 255
    3f58:	1f 4f       	sbci	r17, 0xFF	; 255
    3f5a:	84 91       	lpm	r24, Z
    3f5c:	1e d0       	rcall	.+60     	; 0x3f9a <putch>
    3f5e:	f8 01       	movw	r30, r16
    3f60:	a0 12       	cpse	r10, r16
    3f62:	f8 cf       	rjmp	.-16     	; 0x3f54 <main+0x154>
    3f64:	ff ef       	ldi	r31, 0xFF	; 255
    3f66:	8f 1a       	sub	r8, r31
    3f68:	9f 0a       	sbc	r9, r31
    3f6a:	ba 94       	dec	r11
    3f6c:	8b 0c       	add	r8, r11
    3f6e:	91 1c       	adc	r9, r1
    3f70:	11 c0       	rjmp	.+34     	; 0x3f94 <main+0x194>
    3f72:	85 37       	cpi	r24, 0x75	; 117
    3f74:	41 f4       	brne	.+16     	; 0x3f86 <main+0x186>
    3f76:	2a d0       	rcall	.+84     	; 0x3fcc <verifySpace>
    3f78:	8e e1       	ldi	r24, 0x1E	; 30
    3f7a:	0f d0       	rcall	.+30     	; 0x3f9a <putch>
    3f7c:	84 e9       	ldi	r24, 0x94	; 148
    3f7e:	0d d0       	rcall	.+26     	; 0x3f9a <putch>
    3f80:	86 e0       	ldi	r24, 0x06	; 6
    3f82:	0b d0       	rcall	.+22     	; 0x3f9a <putch>
    3f84:	07 c0       	rjmp	.+14     	; 0x3f94 <main+0x194>
    3f86:	81 35       	cpi	r24, 0x51	; 81
    3f88:	21 f4       	brne	.+8      	; 0x3f92 <main+0x192>
    3f8a:	88 e0       	ldi	r24, 0x08	; 8
    3f8c:	19 d0       	rcall	.+50     	; 0x3fc0 <watchdogConfig>
    3f8e:	1e d0       	rcall	.+60     	; 0x3fcc <verifySpace>
    3f90:	01 c0       	rjmp	.+2      	; 0x3f94 <main+0x194>
    3f92:	1c d0       	rcall	.+56     	; 0x3fcc <verifySpace>
    3f94:	80 e1       	ldi	r24, 0x10	; 16
    3f96:	01 d0       	rcall	.+2      	; 0x3f9a <putch>
    3f98:	63 cf       	rjmp	.-314    	; 0x3e60 <main+0x60>

00003f9a <putch>:
  }
}

void putch(char ch) {
#ifndef SOFT_UART
  while (!(UCSR0A & _BV(UDRE0)));
    3f9a:	90 91 c0 00 	lds	r25, 0x00C0
    3f9e:	95 ff       	sbrs	r25, 5
    3fa0:	fc cf       	rjmp	.-8      	; 0x3f9a <putch>
  UDR0 = ch;
    3fa2:	80 93 c6 00 	sts	0x00C6, r24
    3fa6:	08 95       	ret

00003fa8 <getch>:
      [uartBit] "I" (UART_RX_BIT)
    :
      "r25"
);
#else
  while(!(UCSR0A & _BV(RXC0)))
    3fa8:	80 91 c0 00 	lds	r24, 0x00C0
    3fac:	87 ff       	sbrs	r24, 7
    3fae:	fc cf       	rjmp	.-8      	; 0x3fa8 <getch>
    ;
  if (!(UCSR0A & _BV(FE0))) {
    3fb0:	80 91 c0 00 	lds	r24, 0x00C0
    3fb4:	84 fd       	sbrc	r24, 4
    3fb6:	01 c0       	rjmp	.+2      	; 0x3fba <getch+0x12>
}
#endif

// Watchdog functions. These are only safe with interrupts turned off.
void watchdogReset() {
  __asm__ __volatile__ (
    3fb8:	a8 95       	wdr
       * don't care that an invalid char is returned...)
       */
    watchdogReset();
  }
  
  ch = UDR0;
    3fba:	80 91 c6 00 	lds	r24, 0x00C6
  LED_PIN |= _BV(LED);
#endif
#endif

  return ch;
}
    3fbe:	08 95       	ret

00003fc0 <watchdogConfig>:
    "wdr\n"
  );
}

void watchdogConfig(uint8_t x) {
  WDTCSR = _BV(WDCE) | _BV(WDE);
    3fc0:	e0 e6       	ldi	r30, 0x60	; 96
    3fc2:	f0 e0       	ldi	r31, 0x00	; 0
    3fc4:	98 e1       	ldi	r25, 0x18	; 24
    3fc6:	90 83       	st	Z, r25
  WDTCSR = x;
    3fc8:	80 83       	st	Z, r24
    3fca:	08 95       	ret

00003fcc <verifySpace>:
  do getch(); while (--count);
  verifySpace();
}

void verifySpace() {
  if (getch() != CRC_EOP) {
    3fcc:	ed df       	rcall	.-38     	; 0x3fa8 <getch>
    3fce:	80 32       	cpi	r24, 0x20	; 32
    3fd0:	19 f0       	breq	.+6      	; 0x3fd8 <verifySpace+0xc>
    watchdogConfig(WATCHDOG_16MS);    // shorten WD timeout
    3fd2:	88 e0       	ldi	r24, 0x08	; 8
    3fd4:	f5 df       	rcall	.-22     	; 0x3fc0 <watchdogConfig>
    3fd6:	ff cf       	rjmp	.-2      	; 0x3fd6 <verifySpace+0xa>
    while (1)			      // and busy-loop so that WD causes
      ;				      //  a reset and app start.
  }
  putch(STK_INSYNC);
    3fd8:	84 e1       	ldi	r24, 0x14	; 20
    3fda:	df cf       	rjmp	.-66     	; 0x3f9a <putch>

00003fdc <getNch>:
    ::[count] "M" (UART_B_VALUE)
  );
}
#endif

void getNch(uint8_t count) {
    3fdc:	cf 93       	push	r28
    3fde:	c8 2f       	mov	r28, r24
  do getch(); while (--count);
    3fe0:	e3 df       	rcall	.-58     	; 0x3fa8 <getch>
    3fe2:	c1 50       	subi	r28, 0x01	; 1
    3fe4:	e9 f7       	brne	.-6      	; 0x3fe0 <getNch+0x4>
  verifySpace();
}
    3fe6:	cf 91       	pop	r28
}
#endif

void getNch(uint8_t count) {
  do getch(); while (--count);
  verifySpace();
    3fe8:	f1 cf       	rjmp	.-30     	; 0x3fcc <verifySpace>

00003fea <appStart>:
  WDTCSR = _BV(WDCE) | _BV(WDE);
  WDTCSR = x;
}

void appStart() {
  watchdogConfig(WATCHDOG_OFF);
    3fea:	80 e0       	ldi	r24, 0x00	; 0
    3fec:	e9 df       	rcall	.-46     	; 0x3fc0 <watchdogConfig>
  __asm__ __volatile__ (
    3fee:	ee 27       	eor	r30, r30
    3ff0:	ff 27       	eor	r31, r31
    3ff2:	09 94       	ijmp
